<?xml version="1.0" encoding="UTF-8"?>
<!-- Generated by org.testng.reporters.JUnitReportReporter -->
<testsuite hostname="Administrators-MacBook-Air.local" failures="0" tests="1" name="com.inetbanking.testcases.TC_LoginTest_001" time="6.545" errors="0" timestamp="2019-10-31T14:58:51 IST" skipped="0">
  <testcase classname="com.inetbanking.testcases.TC_LoginTest_001" name="loginTest" time="6.545"/>
</testsuite> <!-- com.inetbanking.testcases.TC_LoginTest_001 -->
